0 info it worked if it ends with ok
1 verbose cli [ '/usr/bin/nodejs', '/usr/bin/npm', 'run', 'new' ]
2 info using npm@3.5.2
3 info using node@v4.2.6
4 verbose run-script [ 'prenew', 'new', 'postnew' ]
5 info lifecycle gitbook@~prenew: gitbook@
6 silly lifecycle gitbook@~prenew: no script for prenew, continuing
7 info lifecycle gitbook@~new: gitbook@
8 verbose lifecycle gitbook@~new: unsafe-perm in lifecycle true
9 verbose lifecycle gitbook@~new: PATH: /usr/share/npm/bin/node-gyp-bin:/home/crou/Downloads/repos/gitbook/node_modules/.bin:/usr/local/bin:/usr/local/bin:/usr/local/bin:/usr/local/bin:/usr/bin:/bin:/usr/local/games:/usr/games:/home/crou/Projects/go/bin:/home/crou/Projects/go/bin:/home/crou/Projects/go/bin
10 verbose lifecycle gitbook@~new: CWD: /home/crou/Downloads/repos/gitbook
11 silly lifecycle gitbook@~new: Args: [ '-c', 'plop ./plopfile.js' ]
12 silly lifecycle gitbook@~new: Returned: code: 1  signal: null
13 info lifecycle gitbook@~new: Failed to exec new script
14 verbose stack Error: gitbook@ new: `plop ./plopfile.js`
14 verbose stack Exit status 1
14 verbose stack     at EventEmitter.<anonymous> (/usr/share/npm/lib/utils/lifecycle.js:232:16)
14 verbose stack     at emitTwo (events.js:87:13)
14 verbose stack     at EventEmitter.emit (events.js:172:7)
14 verbose stack     at ChildProcess.<anonymous> (/usr/share/npm/lib/utils/spawn.js:24:14)
14 verbose stack     at emitTwo (events.js:87:13)
14 verbose stack     at ChildProcess.emit (events.js:172:7)
14 verbose stack     at maybeClose (internal/child_process.js:821:16)
14 verbose stack     at Process.ChildProcess._handle.onexit (internal/child_process.js:211:5)
15 verbose pkgid gitbook@
16 verbose cwd /home/crou/Downloads/repos/gitbook
17 error Linux 3.14.0
18 error argv "/usr/bin/nodejs" "/usr/bin/npm" "run" "new"
19 error node v4.2.6
20 error npm  v3.5.2
21 error code ELIFECYCLE
22 error gitbook@ new: `plop ./plopfile.js`
22 error Exit status 1
23 error Failed at the gitbook@ new script 'plop ./plopfile.js'.
23 error Make sure you have the latest version of node.js and npm installed.
23 error If you do, this is most likely a problem with the gitbook package,
23 error not with npm itself.
23 error Tell the author that this fails on your system:
23 error     plop ./plopfile.js
23 error You can get information on how to open an issue for this project with:
23 error     npm bugs gitbook
23 error Or if that isn't available, you can get their info via:
23 error     npm owner ls gitbook
23 error There is likely additional logging output above.
24 verbose exit [ 1, true ]
